CHIP1,1674815575.0457168,1099,READ,281474976710655,1,0,,
CHIP1,1674815575.203648,1099,SET,281474976710655,0,24,0,31
CHIP1,1674815575.361514,1099,READ,281474976710655,1,0,,
CHIP1,1674815575.5192754,1099,SET,281474976710655,1,24,0,31
CHIP1,1674815575.6771958,1099,READ,281474976710655,1,8,,
CHIP1,1674815575.8075554,1099,SET,281474976710647,2,24,0,31
CHIP1,1674815575.9076793,1099,READ,281474976710647,1,2199023255552,,
CHIP1,1674815576.0077927,1099,SET,279275953455095,3,24,0,31
CHIP1,1674815576.1084135,1099,READ,279275953455095,1,0,,
CHIP1,1674815576.2083437,1099,SET,279275953455095,4,24,0,31
CHIP1,1674815576.3081172,1099,READ,279275953455095,1,0,,
CHIP1,1674815576.4080846,1099,SET,279275953455095,5,24,0,31
CHIP1,1674815576.5074382,1099,READ,279275953455095,1,0,,
CHIP1,1674815576.607556,1099,SET,279275953455095,6,24,0,31
CHIP1,1674815576.7068427,1099,READ,279275953455095,1,262272,,
CHIP1,1674815576.8068748,1099,SET,279275953192823,7,24,0,31
CHIP1,1674815576.9062908,1099,READ,279275953192823,1,2304,,
CHIP1,1674815577.0061755,1099,SET,279275953190519,8,24,0,31
CHIP1,1674815577.1058805,1099,READ,279275953190519,1,18159121727488,,
CHIP1,1674815577.2060654,1099,SET,261116831463031,9,24,0,31
CHIP1,1674815577.3056996,1099,READ,261116831463031,1,2420113409,,
CHIP1,1674815577.4058723,1099,SET,261114411349622,10,24,0,31
CHIP1,1674815577.5053315,1099,READ,261114411349622,1,0,,
CHIP1,1674815577.605337,1099,SET,261114411349622,11,24,0,31
CHIP1,1674815577.7052612,1099,READ,261114411349622,1,34359738368,,
CHIP1,1674815577.80535,1099,SET,261080051611254,12,24,0,31
CHIP1,1674815577.9051142,1099,READ,261080051611254,1,0,,
CHIP1,1674815578.0051596,1099,SET,261080051611254,13,24,0,31
CHIP1,1674815578.1048286,1099,READ,261080051611254,1,1168264658944,,
CHIP1,1674815578.2048628,1099,SET,259911786952310,14,24,0,31
CHIP1,1674815578.3044014,1099,READ,259911786952310,1,137438957568,,
CHIP1,1674815578.4044716,1099,SET,259774347994742,15,24,0,31
CHIP1,1674815578.504196,1099,READ,259774347994742,1,0,,
CHIP1,1674815578.6042762,1099,SET,259774347994742,16,24,0,31
CHIP1,1674815578.703577,1099,READ,259774347994742,1,70368745226240,,
CHIP1,1674815578.803566,1099,SET,189405602768502,17,24,0,31
CHIP1,1674815578.902895,1099,READ,189405602768502,1,0,,
CHIP1,1674815579.001957,1099,SET,189405602768502,18,24,0,31
CHIP1,1674815579.1009557,1099,READ,189405602768502,1,67117056,,
CHIP1,1674815579.200936,1099,SET,189405535651446,19,24,0,31
CHIP1,1674815579.3002048,1099,READ,189405535651446,1,16384,,
CHIP1,1674815579.4001424,1099,SET,189405535635062,20,24,0,31
CHIP1,1674815579.4993489,1099,READ,189405535635062,1,35184372088832,,
CHIP1,1674815579.599409,1099,SET,154221163546230,21,24,0,31
CHIP1,1674815579.6990776,1099,READ,154221163546230,1,0,,
CHIP1,1674815579.7993941,1099,SET,154221163546230,22,24,0,31
CHIP1,1674815579.8989427,1099,READ,154221163546230,1,8598323200,,
CHIP1,1674815579.9990666,1099,SET,154212565223030,23,24,0,31
CHIP1,1674815580.0985234,1099,READ,154212565223030,1,1073741824,,
CHIP1,1674815580.1978116,1099,SET,154211491481206,24,24,0,31
CHIP1,1674815580.297405,1099,READ,154211491481206,1,141012366262288,,
CHIP1,1674815580.3973093,1099,SET,13199125218918,25,24,0,31
CHIP1,1674815580.4968069,1099,READ,13199125218918,1,0,,
CHIP1,1674815580.5966585,1099,SET,13199125218918,26,24,0,31
CHIP1,1674815580.6959355,1099,READ,13199125218918,1,32800,,
CHIP1,1674815580.7959006,1099,SET,13199125186118,27,24,0,31
CHIP1,1674815580.8953848,1099,READ,13199125186118,1,8796109800000,,
CHIP1,1674815580.9954987,1099,SET,4403015386118,28,24,0,31
CHIP1,1674815581.0952528,1099,READ,4403015386118,1,0,,
CHIP1,1674815581.1953294,1099,SET,4403015386118,29,24,0,31
CHIP1,1674815581.2945833,1099,READ,4403015386118,1,0,,
CHIP1,1674815581.3937464,1099,SET,4403015386118,30,24,0,31
CHIP1,1674815581.4933026,1099,READ,4403015386118,1,536870912,,
CHIP1,1674815581.593416,1099,SET,4402478515206,31,24,0,31
CHIP1,1674815581.6936007,1099,READ,4402478515206,1,4,,
CHIP1,1674815581.7936127,1099,SET,4402478515202,32,24,0,31
CHIP1,1674815581.8936815,1099,READ,4402478515202,1,2621440,,
CHIP1,1674815581.9937756,1099,SET,4402475893762,33,24,0,31
CHIP1,1674815582.0932813,1099,READ,4402475893762,1,0,,
CHIP1,1674815582.1932087,1099,SET,4402475893762,34,24,0,31
CHIP1,1674815582.2935452,1099,READ,4402475893762,1,0,,
CHIP1,1674815582.393615,1099,SET,4402475893762,35,24,0,31
CHIP1,1674815582.4937139,1099,READ,4402475893762,1,0,,
CHIP1,1674815582.5937667,1099,SET,4402475893762,36,24,0,31
CHIP1,1674815582.6933193,1099,READ,4402475893762,1,0,,
CHIP1,1674815582.7931151,1099,SET,4402475893762,37,24,0,31
CHIP1,1674815582.8927596,1099,READ,4402475893762,1,2,,
CHIP1,1674815582.9927387,1099,SET,4402475893760,38,24,0,31
CHIP1,1674815583.0922165,1099,READ,4402475893760,1,0,,
CHIP1,1674815583.1925304,1099,SET,4402475893760,39,24,0,31
CHIP1,1674815583.2920713,1099,READ,4402475893760,1,4398046511104,,
CHIP1,1674815583.3916955,1099,SET,4429382656,40,24,0,31
CHIP1,1674815583.4912405,1099,READ,4429382656,1,0,,
CHIP1,1674815583.5913815,1099,SET,4429382656,41,24,0,31
CHIP1,1674815583.690823,1099,READ,4429382656,1,0,,
CHIP1,1674815583.7908447,1099,SET,4429382656,42,24,0,31
CHIP1,1674815583.8903916,1099,READ,4429382656,1,0,,
CHIP1,1674815583.9903286,1099,SET,4429382656,43,24,0,31
CHIP1,1674815584.0897872,1099,READ,4429382656,1,0,,
CHIP1,1674815584.1896198,1099,SET,4429382656,44,24,0,31
CHIP1,1674815584.2894742,1099,READ,4429382656,1,131072,,
CHIP1,1674815584.389445,1099,SET,4429251584,45,24,0,31
CHIP1,1674815584.4886804,1099,READ,4429251584,1,0,,
CHIP1,1674815584.5885572,1099,SET,4429251584,46,24,0,31
CHIP1,1674815584.6884165,1099,READ,4429251584,1,0,,
CHIP1,1674815584.7883606,1099,SET,4429251584,47,24,0,31
CHIP1,1674815584.8879232,1099,READ,4429251584,1,4294968320,,
CHIP1,1674815584.9876835,1099,SET,134283264,48,24,0,31
CHIP1,1674815585.087356,1099,READ,134283264,1,134217728,,
CHIP1,1674815585.1871696,1099,SET,65536,49,24,0,31
CHIP1,1674815585.2867782,1099,READ,65536,1,65536,,
CHIP1,1674815585.4188106,1099,READ,281474976710655,1,281474976709631,,
CHIP1,1674815585.5186918,1099,RESET,281474976709631,0,0,0,31
CHIP1,1674815585.6513975,1099,READ,281474976710655,1,281474976709631,,
CHIP1,1674815585.750708,1099,SET,1024,0,24,0,31
CHIP1,1674815585.8501346,1099,READ,1024,1,1024,,
CHIP1,1674815585.9832408,1099,READ,281474976710655,1,281474976710655,,
CHIP1,1674815586.083209,1099,RESET,281474976710655,0,0,0,31
CHIP1,1674815586.183446,1099,READ,281474976710655,1,281474976710655,,
CHIP1,1674815586.3168046,1100,READ,281474976710655,1,0,,
CHIP1,1674815586.4168265,1100,SET,281474976710655,0,24,0,31
CHIP1,1674815586.5160542,1100,READ,281474976710655,1,0,,
CHIP1,1674815586.6161335,1100,SET,281474976710655,1,24,0,31
CHIP1,1674815586.7156246,1100,READ,281474976710655,1,0,,
CHIP1,1674815586.8158004,1100,SET,281474976710655,2,24,0,31
CHIP1,1674815586.9151802,1100,READ,281474976710655,1,0,,
CHIP1,1674815587.0151405,1100,SET,281474976710655,3,24,0,31
CHIP1,1674815587.1148088,1100,READ,281474976710655,1,0,,
CHIP1,1674815587.2147007,1100,SET,281474976710655,4,24,0,31
CHIP1,1674815587.314284,1100,READ,281474976710655,1,536870912,,
CHIP1,1674815587.414068,1100,SET,281474439839743,5,24,0,31
CHIP1,1674815587.5135086,1100,READ,281474439839743,1,274877906944,,
CHIP1,1674815587.6130788,1100,SET,281199561932799,6,24,0,31
CHIP1,1674815587.7124767,1100,READ,281199561932799,1,0,,
CHIP1,1674815587.8124356,1100,SET,281199561932799,7,24,0,31
CHIP1,1674815587.9120903,1100,READ,281199561932799,1,0,,
CHIP1,1674815588.0112195,1100,SET,281199561932799,8,24,0,31
CHIP1,1674815588.1103609,1100,READ,281199561932799,1,4535485464576,,
CHIP1,1674815588.2092183,1100,SET,276664076468223,9,24,0,31
CHIP1,1674815588.308431,1100,READ,276664076468223,1,0,,
CHIP1,1674815588.408505,1100,SET,276664076468223,10,24,0,31
CHIP1,1674815588.5084445,1100,READ,276664076468223,1,4294967296,,
CHIP1,1674815588.6082087,1100,SET,276659781500927,11,24,0,31
CHIP1,1674815588.7075143,1100,READ,276659781500927,1,17592186044416,,
CHIP1,1674815588.8072987,1100,SET,259067595456511,12,24,0,31
CHIP1,1674815588.9066653,1100,READ,259067595456511,1,0,,
CHIP1,1674815589.006521,1100,SET,259067595456511,13,24,0,31
CHIP1,1674815589.1061387,1100,READ,259067595456511,1,8796093022208,,
CHIP1,1674815589.2065551,1100,SET,250271502434303,14,24,0,31
CHIP1,1674815589.305908,1100,READ,250271502434303,1,67109122,,
CHIP1,1674815589.4057155,1100,SET,250271435325181,15,24,0,31
CHIP1,1674815589.5052187,1100,READ,250271435325181,1,8590983168,,
CHIP1,1674815589.6054385,1100,SET,250262844342013,16,24,0,31
CHIP1,1674815589.704835,1100,READ,250262844342013,1,2112,,
CHIP1,1674815589.8048165,1100,SET,250262844339901,17,24,0,31
CHIP1,1674815589.9043972,1100,READ,250262844339901,1,1169304895488,,
CHIP1,1674815590.0044506,1100,SET,249093539444413,18,24,0,31
CHIP1,1674815590.105241,1100,READ,249093539444413,1,34393358352,,
CHIP1,1674815590.2048795,1100,SET,249059146086061,19,24,0,31
CHIP1,1674815590.3044617,1100,READ,249059146086061,1,2199023256064,,
CHIP1,1674815590.4045622,1100,SET,246860122829997,20,24,0,31
CHIP1,1674815590.5041375,1100,READ,246860122829997,1,35184640524288,,
CHIP1,1674815590.604184,1100,SET,211675482305709,21,24,0,31
CHIP1,1674815590.703993,1100,READ,211675482305709,1,4,,
CHIP1,1674815590.8040314,1100,SET,211675482305705,22,24,0,31
CHIP1,1674815590.903563,1100,READ,211675482305705,1,70368744177664,,
CHIP1,1674815591.0036876,1100,SET,141306738128041,23,24,0,31
CHIP1,1674815591.1032684,1100,READ,141306738128041,1,16777248,,
CHIP1,1674815591.2030723,1100,SET,141306721350793,24,24,0,31
CHIP1,1674815591.3026097,1100,READ,141306721350793,1,1,,
CHIP1,1674815591.4029052,1100,SET,141306721350792,25,24,0,31
CHIP1,1674815591.5024228,1100,READ,141306721350792,1,2155872256,,
CHIP1,1674815591.6024652,1100,SET,141304565478536,26,24,0,31
CHIP1,1674815591.7021651,1100,READ,141304565478536,1,8,,
CHIP1,1674815591.8013167,1100,SET,141304565478528,27,24,0,31
CHIP1,1674815591.9002378,1100,READ,141304565478528,1,140737488355328,,
CHIP1,1674815591.9992743,1100,SET,567077123200,28,24,0,31
CHIP1,1674815592.0983293,1100,READ,567077123200,1,0,,
CHIP1,1674815592.197978,1100,SET,567077123200,29,24,0,31
CHIP1,1674815592.2975652,1100,READ,567077123200,1,0,,
CHIP1,1674815592.3976116,1100,SET,567077123200,30,24,0,31
CHIP1,1674815592.4972017,1100,READ,567077123200,1,8192,,
CHIP1,1674815592.5972366,1100,SET,567077115008,31,24,0,31
CHIP1,1674815592.6968055,1100,READ,567077115008,1,132224,,
CHIP1,1674815592.7967863,1100,SET,567076982784,32,24,0,31
CHIP1,1674815592.896384,1100,READ,567076982784,1,0,,
CHIP1,1674815592.9964254,1100,SET,567076982784,33,24,0,31
CHIP1,1674815593.095891,1100,READ,567076982784,1,0,,
CHIP1,1674815593.1961033,1100,SET,567076982784,34,24,0,31
CHIP1,1674815593.2955205,1100,READ,567076982784,1,0,,
CHIP1,1674815593.3957727,1100,SET,567076982784,35,24,0,31
CHIP1,1674815593.495202,1100,READ,567076982784,1,0,,
CHIP1,1674815593.5952182,1100,SET,567076982784,36,24,0,31
CHIP1,1674815593.6950257,1100,READ,567076982784,1,0,,
CHIP1,1674815593.7953176,1100,SET,567076982784,37,24,0,31
CHIP1,1674815593.8948884,1100,READ,567076982784,1,0,,
CHIP1,1674815593.9948604,1100,SET,567076982784,38,24,0,31
CHIP1,1674815594.094649,1100,READ,567076982784,1,0,,
CHIP1,1674815594.1947172,1100,SET,567076982784,39,24,0,31
CHIP1,1674815594.2945318,1100,READ,567076982784,1,262144,,
CHIP1,1674815594.3937814,1100,SET,567076720640,40,24,0,31
CHIP1,1674815594.4934444,1100,READ,567076720640,1,2097152,,
CHIP1,1674815594.5935602,1100,SET,567074623488,41,24,0,31
CHIP1,1674815594.6931438,1100,READ,567074623488,1,17180393472,,
CHIP1,1674815594.7931879,1100,SET,549894230016,42,24,0,31
CHIP1,1674815594.8926828,1100,READ,549894230016,1,0,,
CHIP1,1674815594.9931166,1100,SET,549894230016,43,24,0,31
CHIP1,1674815595.0931304,1100,READ,549894230016,1,4194304,,
CHIP1,1674815595.1932154,1100,SET,549890035712,44,24,0,31
CHIP1,1674815595.29269,1100,READ,549890035712,1,0,,
CHIP1,1674815595.3927774,1100,SET,549890035712,45,24,0,31
CHIP1,1674815595.4922192,1100,READ,549890035712,1,0,,
CHIP1,1674815595.592547,1100,SET,549890035712,46,24,0,31
CHIP1,1674815595.692173,1100,READ,549890035712,1,0,,
CHIP1,1674815595.7923608,1100,SET,549890035712,47,24,0,31
CHIP1,1674815595.8919635,1100,READ,549890035712,1,0,,
CHIP1,1674815595.9921615,1100,SET,549890035712,48,24,0,31
CHIP1,1674815596.0919533,1100,READ,549890035712,1,0,,
CHIP1,1674815596.1923208,1100,SET,549890035712,49,24,0,31
CHIP1,1674815596.2921612,1100,READ,549890035712,1,0,,
CHIP1,1674815596.3922799,1100,SET,549890035712,50,24,0,31
CHIP1,1674815596.4920955,1100,READ,549890035712,1,4096,,
CHIP1,1674815596.5925853,1100,SET,549890031616,51,24,0,31
CHIP1,1674815596.6927407,1100,READ,549890031616,1,0,,
CHIP1,1674815596.7928896,1100,SET,549890031616,52,24,0,31
CHIP1,1674815596.8922298,1100,READ,549890031616,1,0,,
CHIP1,1674815596.9923966,1100,SET,549890031616,53,24,0,31
CHIP1,1674815597.092274,1100,READ,549890031616,1,549755813888,,
CHIP1,1674815597.1922128,1100,SET,134217728,54,24,0,31
CHIP1,1674815597.2922752,1100,READ,134217728,1,0,,
CHIP1,1674815597.3920505,1100,SET,134217728,55,24,0,31
CHIP1,1674815597.4915662,1100,READ,134217728,1,134217728,,
CHIP1,1674815597.623952,1100,READ,281474976710655,1,281473902964735,,
CHIP1,1674815597.723967,1100,RESET,281473902964735,0,0,0,31
CHIP1,1674815597.8567224,1100,READ,281474976710655,1,281473902968831,,
CHIP1,1674815597.956711,1100,SET,1073741824,0,24,0,31
CHIP1,1674815598.0564861,1100,READ,1073741824,1,1073741824,,
CHIP1,1674815598.189469,1100,READ,281474976710655,1,281474976710655,,
CHIP1,1674815598.2894156,1100,RESET,281474976710655,0,0,0,31
CHIP1,1674815598.389412,1100,READ,281474976710655,1,281474976710655,,
CHIP1,1674815598.5228949,1101,READ,281474976710655,1,0,,
CHIP1,1674815598.6229136,1101,SET,281474976710655,0,24,0,31
CHIP1,1674815598.7227314,1101,READ,281474976710655,1,0,,
CHIP1,1674815598.822713,1101,SET,281474976710655,1,24,0,31
CHIP1,1674815598.9222558,1101,READ,281474976710655,1,1048576,,
CHIP1,1674815599.022516,1101,SET,281474975662079,2,24,0,31
CHIP1,1674815599.1221905,1101,READ,281474975662079,1,0,,
CHIP1,1674815599.2224138,1101,SET,281474975662079,3,24,0,31
CHIP1,1674815599.3220267,1101,READ,281474975662079,1,0,,
CHIP1,1674815599.4221025,1101,SET,281474975662079,4,24,0,31
CHIP1,1674815599.5217783,1101,READ,281474975662079,1,4402341478400,,
CHIP1,1674815599.6215653,1101,SET,277072634183679,5,24,0,31
CHIP1,1674815599.7213488,1101,READ,277072634183679,1,1099515822080,,
CHIP1,1674815599.821314,1101,SET,275973118361599,6,24,0,31
CHIP1,1674815599.920937,1101,READ,275973118361599,1,512,,
CHIP1,1674815600.021029,1101,SET,275973118361087,7,24,0,31
CHIP1,1674815600.1208055,1101,READ,275973118361087,1,0,,
CHIP1,1674815600.2210045,1101,SET,275973118361087,8,24,0,31
CHIP1,1674815600.3207557,1101,READ,275973118361087,1,4096,,
CHIP1,1674815600.4208686,1101,SET,275973118356991,9,24,0,31
CHIP1,1674815600.5204682,1101,READ,275973118356991,1,37383412121600,,
CHIP1,1674815600.6206124,1101,SET,238589706235391,10,24,0,31
CHIP1,1674815600.720493,1101,READ,238589706235391,1,0,,
CHIP1,1674815600.8201454,1101,SET,238589706235391,11,24,0,31
CHIP1,1674815600.9196389,1101,READ,238589706235391,1,557056,,
CHIP1,1674815601.01956,1101,SET,238589705678335,12,24,0,31
CHIP1,1674815601.1191525,1101,READ,238589705678335,1,0,,
CHIP1,1674815601.2193553,1101,SET,238589705678335,13,24,0,31
CHIP1,1674815601.3187459,1101,READ,238589705678335,1,549755814016,,
CHIP1,1674815601.4186678,1101,SET,238039949864319,14,24,0,31
CHIP1,1674815601.5186768,1101,READ,238039949864319,1,0,,
CHIP1,1674815601.619394,1101,SET,238039949864319,15,24,0,31
CHIP1,1674815601.718794,1101,READ,238039949864319,1,70368744375360,,
CHIP1,1674815601.8194282,1101,SET,167671205488959,16,24,0,31
CHIP1,1674815601.9195302,1101,READ,167671205488959,1,140737488355328,,
CHIP1,1674815602.0199919,1101,SET,26933717133631,17,24,0,31
CHIP1,1674815602.119864,1101,READ,26933717133631,1,1073758240,,
CHIP1,1674815602.2196589,1101,SET,26932643375391,18,24,0,31
CHIP1,1674815602.3194516,1101,READ,26932643375391,1,137447342080,,
CHIP1,1674815602.4194615,1101,SET,26795196033311,19,24,0,31
CHIP1,1674815602.519229,1101,READ,26795196033311,1,0,,
CHIP1,1674815602.6195457,1101,SET,26795196033311,20,24,0,31
CHIP1,1674815602.7193496,1101,READ,26795196033311,1,256,,
CHIP1,1674815602.8196726,1101,SET,26795196033055,21,24,0,31
CHIP1,1674815602.919317,1101,READ,26795196033055,1,402915328,,
CHIP1,1674815603.0198686,1101,SET,26794793117727,22,24,0,31
CHIP1,1674815603.119562,1101,READ,26794793117727,1,34359738368,,
CHIP1,1674815603.2199633,1101,SET,26760433379359,23,24,0,31
CHIP1,1674815603.3199096,1101,READ,26760433379359,1,0,,
CHIP1,1674815603.420278,1101,SET,26760433379359,24,24,0,31
CHIP1,1674815603.5202427,1101,READ,26760433379359,1,0,,
CHIP1,1674815603.620559,1101,SET,26760433379359,25,24,0,31
CHIP1,1674815603.7202644,1101,READ,26760433379359,1,2097152,,
CHIP1,1674815603.819624,1101,SET,26760431282207,26,24,0,31
CHIP1,1674815603.9194512,1101,READ,26760431282207,1,8796093022224,,
CHIP1,1674815604.0192668,1101,SET,17964338259983,27,24,0,31
CHIP1,1674815604.1211276,1101,READ,17964338259983,1,1,,
CHIP1,1674815604.2206466,1101,SET,17964338259982,28,24,0,31
CHIP1,1674815604.3210766,1101,READ,17964338259982,1,2,,
CHIP1,1674815604.4219182,1101,SET,17964338259980,29,24,0,31
CHIP1,1674815604.5217824,1101,READ,17964338259980,1,0,,
CHIP1,1674815604.6230435,1101,SET,17964338259980,30,24,0,31
CHIP1,1674815604.7231045,1101,READ,17964338259980,1,68719476736,,
CHIP1,1674815604.8228164,1101,SET,17895618783244,31,24,0,31
CHIP1,1674815604.9226608,1101,READ,17895618783244,1,33554432,,
CHIP1,1674815605.023067,1101,SET,17895585228812,32,24,0,31
CHIP1,1674815605.1228163,1101,READ,17895585228812,1,2147483648,,
CHIP1,1674815605.2227418,1101,SET,17893437745164,33,24,0,31
CHIP1,1674815605.3229547,1101,READ,17893437745164,1,0,,
CHIP1,1674815605.4242008,1101,SET,17893437745164,34,24,0,31
CHIP1,1674815605.524434,1101,READ,17893437745164,1,0,,
CHIP1,1674815605.6249106,1101,SET,17893437745164,35,24,0,31
CHIP1,1674815605.724758,1101,READ,17893437745164,1,67108864,,
CHIP1,1674815605.826049,1101,SET,17893370636300,36,24,0,31
CHIP1,1674815605.925742,1101,READ,17893370636300,1,4,,
CHIP1,1674815606.0268123,1101,SET,17893370636296,37,24,0,31
CHIP1,1674815606.126888,1101,READ,17893370636296,1,25769811968,,
CHIP1,1674815606.226468,1101,SET,17867600824328,38,24,0,31
CHIP1,1674815606.3263414,1101,READ,17867600824328,1,0,,
CHIP1,1674815606.4266016,1101,SET,17867600824328,39,24,0,31
CHIP1,1674815606.5263832,1101,READ,17867600824328,1,0,,
CHIP1,1674815606.6261334,1101,SET,17867600824328,40,24,0,31
CHIP1,1674815606.7260945,1101,READ,17867600824328,1,0,,
CHIP1,1674815606.827529,1101,SET,17867600824328,41,24,0,31
CHIP1,1674815606.9283338,1101,READ,17867600824328,1,0,,
CHIP1,1674815607.0303535,1101,SET,17867600824328,42,24,0,31
CHIP1,1674815607.130127,1101,READ,17867600824328,1,2048,,
CHIP1,1674815607.230805,1101,SET,17867600822280,43,24,0,31
CHIP1,1674815607.3307664,1101,READ,17867600822280,1,17592186044424,,
CHIP1,1674815607.431416,1101,SET,275414777856,44,24,0,31
CHIP1,1674815607.5325727,1101,READ,275414777856,1,0,,
CHIP1,1674815607.633339,1101,SET,275414777856,45,24,0,31
CHIP1,1674815607.7330647,1101,READ,275414777856,1,0,,
CHIP1,1674815607.8336515,1101,SET,275414777856,46,24,0,31
CHIP1,1674815607.933714,1101,READ,275414777856,1,536870912,,
CHIP1,1674815608.034438,1101,SET,274877906944,47,24,0,31
CHIP1,1674815608.134228,1101,READ,274877906944,1,0,,
CHIP1,1674815608.2355237,1101,SET,274877906944,48,24,0,31
CHIP1,1674815608.3356102,1101,READ,274877906944,1,0,,
CHIP1,1674815608.436459,1101,SET,274877906944,49,24,0,31
CHIP1,1674815608.5362294,1101,READ,274877906944,1,0,,
CHIP1,1674815608.6370974,1101,SET,274877906944,50,24,0,31
CHIP1,1674815608.7370636,1101,READ,274877906944,1,0,,
CHIP1,1674815608.837914,1101,SET,274877906944,51,24,0,31
CHIP1,1674815608.937776,1101,READ,274877906944,1,0,,
CHIP1,1674815609.0386293,1101,SET,274877906944,52,24,0,31
CHIP1,1674815609.1391344,1101,READ,274877906944,1,0,,
CHIP1,1674815609.2402258,1101,SET,274877906944,53,24,0,31
CHIP1,1674815609.3402684,1101,READ,274877906944,1,0,,
CHIP1,1674815609.4410963,1101,SET,274877906944,54,24,0,31
CHIP1,1674815609.541185,1101,READ,274877906944,1,0,,
CHIP1,1674815609.6408513,1101,SET,274877906944,55,24,0,31
CHIP1,1674815609.7413754,1101,READ,274877906944,1,274877906944,,
CHIP1,1674815609.8759708,1101,READ,281474976710655,1,281474976710655,,
CHIP1,1674815609.9765615,1101,RESET,281474976710655,0,0,0,31
CHIP1,1674815610.0767286,1101,READ,281474976710655,1,281474976710655,,
